<?xml version="1.0" encoding="UTF-8"?>
<!-- Generated by org.testng.reporters.JUnitReportReporter -->
<testsuite skipped="0" hostname="BLT0251" name="TEST.Testng_chrome" tests="1" failures="0" timestamp="2020-03-07T17:37:03 IST" time="30.633" errors="0">
  <testcase name="test" time="30.633" classname="TEST.Testng_chrome"/>
</testsuite> <!-- TEST.Testng_chrome -->
